 INFO:werkzeug: * Debugger PIN: 277-344-757
INFO:werkzeug: * Detected change in '/Users/johnmontaguehowitt/PycharmProjects/rotasort_project/rotasort/auth.py', reloading
INFO:werkzeug: * Debugger PIN: 277-344-757
INFO:werkzeug:127.0.0.1 - - [05/Feb/2020 16:34:05] "GET /auth/login HTTP/1.1" 200 -
INFO:werkzeug:127.0.0.1 - - [05/Feb/2020 16:34:05] "GET /apple-touch-icon-precomposed.png HTTP/1.1" 404 -
INFO:werkzeug:127.0.0.1 - - [05/Feb/2020 16:34:05] "GET /apple-touch-icon.png HTTP/1.1" 404 -
WARNING:root:seems ok
INFO:werkzeug:127.0.0.1 - - [05/Feb/2020 16:34:15] "POST /auth/login HTTP/1.1" 302 -
INFO:werkzeug:127.0.0.1 - - [05/Feb/2020 16:34:15] "GET / HTTP/1.1" 200 -
INFO:werkzeug: * Detected change in '/Users/johnmontaguehowitt/PycharmProjects/rotasort_project/rotasort/auth.py', reloading
INFO:werkzeug: * Debugger PIN: 277-344-757
INFO:werkzeug:127.0.0.1 - - [05/Feb/2020 16:45:32] "GET /auth/login HTTP/1.1" 200 -
DEBUG:root:seems ok
INFO:werkzeug:127.0.0.1 - - [05/Feb/2020 16:45:36] "POST /auth/login HTTP/1.1" 302 -
INFO:werkzeug:127.0.0.1 - - [05/Feb/2020 16:45:36] "GET / HTTP/1.1" 200 -
INFO:werkzeug: * Detected change in '/Users/johnmontaguehowitt/PycharmProjects/rotasort_project/rotasort/__init__.py', reloading
WARNING:werkzeug: * Debugger is active!
INFO:werkzeug: * Debugger PIN: 277-344-757
INFO:werkzeug:127.0.0.1 - - [05/Feb/2020 17:25:28] "GET /auth/login HTTP/1.1" 200 -
DEBUG:root:seems ok
INFO:werkzeug:127.0.0.1 - - [05/Feb/2020 17:25:32] "POST /auth/login HTTP/1.1" 302 -
DEBUG:root:i am in blog.py
INFO:werkzeug:127.0.0.1 - - [05/Feb/2020 17:25:32] "GET / HTTP/1.1" 200 -
INFO:werkzeug: * Detected change in '/Users/johnmontaguehowitt/PycharmProjects/rotasort_project/rotasort/blog.py', reloading
WARNING:werkzeug: * Debugger is active!
INFO:werkzeug: * Debugger PIN: 277-344-757
INFO:werkzeug:127.0.0.1 - - [05/Feb/2020 17:33:54] "GET /auth/login HTTP/1.1" 200 -
DEBUG:root:seems ok
INFO:werkzeug:127.0.0.1 - - [05/Feb/2020 17:33:58] "POST /auth/login HTTP/1.1" 302 -
INFO:werkzeug:127.0.0.1 - - [05/Feb/2020 17:33:58] "GET / HTTP/1.1" 500 -
INFO:werkzeug:127.0.0.1 - - [05/Feb/2020 17:33:58] "GET /?__debugger__=yes&cmd=resource&f=style.css HTTP/1.1" 200 -
INFO:werkzeug:127.0.0.1 - - [05/Feb/2020 17:33:58] "GET /?__debugger__=yes&cmd=resource&f=jquery.js HTTP/1.1" 200 -
INFO:werkzeug:127.0.0.1 - - [05/Feb/2020 17:33:58] "GET /?__debugger__=yes&cmd=resource&f=debugger.js HTTP/1.1" 200 -
INFO:werkzeug:127.0.0.1 - - [05/Feb/2020 17:33:58] "GET /?__debugger__=yes&cmd=resource&f=console.png HTTP/1.1" 200 -
INFO:werkzeug:127.0.0.1 - - [05/Feb/2020 17:33:58] "GET /?__debugger__=yes&cmd=resource&f=ubuntu.ttf HTTP/1.1" 200 -
INFO:werkzeug: * Detected change in '/Users/johnmontaguehowitt/PycharmProjects/rotasort_project/rotasort/blog.py', reloading
WARNING:werkzeug: * Debugger is active!
INFO:werkzeug: * Debugger PIN: 277-344-757
INFO:werkzeug:127.0.0.1 - - [05/Feb/2020 17:34:28] "GET / HTTP/1.1" 200 -
INFO:werkzeug:127.0.0.1 - - [05/Feb/2020 17:34:30] "GET /auth/login HTTP/1.1" 200 -
DEBUG:root:seems ok
INFO:werkzeug:127.0.0.1 - - [05/Feb/2020 17:34:35] "POST /auth/login HTTP/1.1" 302 -
INFO:werkzeug:127.0.0.1 - - [05/Feb/2020 17:34:35] "GET / HTTP/1.1" 200 -
INFO:werkzeug: * Detected change in '/Users/johnmontaguehowitt/PycharmProjects/rotasort_project/rotasort/blog.py', reloading
WARNING:werkzeug: * Debugger is active!
INFO:werkzeug: * Debugger PIN: 277-344-757
INFO:werkzeug: * Detected change in '/Users/johnmontaguehowitt/PycharmProjects/rotasort_project/rotasort/blog.py', reloading
WARNING:werkzeug: * Debugger is active!
INFO:werkzeug: * Debugger PIN: 277-344-757
INFO:werkzeug:127.0.0.1 - - [05/Feb/2020 17:37:03] "GET /auth/login HTTP/1.1" 200 -
DEBUG:root:seems ok
INFO:werkzeug:127.0.0.1 - - [05/Feb/2020 17:37:10] "POST /auth/login HTTP/1.1" 302 -
INFO:werkzeug:127.0.0.1 - - [05/Feb/2020 17:37:10] "GET / HTTP/1.1" 200 -
INFO:werkzeug: * Detected change in '/Users/johnmontaguehowitt/PycharmProjects/rotasort_project/rotasort/blog.py', reloading
WARNING:werkzeug: * Debugger is active!
INFO:werkzeug: * Debugger PIN: 277-344-757
INFO:werkzeug:127.0.0.1 - - [05/Feb/2020 17:44:49] "GET /auth/login HTTP/1.1" 200 -
DEBUG:root:seems ok
INFO:werkzeug:127.0.0.1 - - [05/Feb/2020 17:44:52] "POST /auth/login HTTP/1.1" 302 -
DEBUG:root:i am in blog.py
INFO:werkzeug:127.0.0.1 - - [05/Feb/2020 17:44:52] "GET / HTTP/1.1" 200 -
INFO:werkzeug:127.0.0.1 - - [05/Feb/2020 17:46:18] "GET /auth/login HTTP/1.1" 200 -
DEBUG:root:seems ok
INFO:werkzeug:127.0.0.1 - - [05/Feb/2020 17:46:24] "POST /auth/login HTTP/1.1" 302 -
DEBUG:root:i am in blog.py
INFO:werkzeug:127.0.0.1 - - [05/Feb/2020 17:46:24] "GET / HTTP/1.1" 200 -
INFO:werkzeug: * Detected change in '/Users/johnmontaguehowitt/PycharmProjects/rotasort_project/rotasort/__init__.py', reloading
WARNING:werkzeug: * Debugger is active!
INFO:werkzeug: * Debugger PIN: 277-344-757
INFO:werkzeug:127.0.0.1 - - [05/Feb/2020 18:11:15] "GET /auth/login HTTP/1.1" 200 -
DEBUG:root:seems ok
INFO:werkzeug:127.0.0.1 - - [05/Feb/2020 18:11:18] "POST /auth/login HTTP/1.1" 302 -
DEBUG:root:i am in blog.py
INFO:werkzeug:127.0.0.1 - - [05/Feb/2020 18:11:18] "GET / HTTP/1.1" 200 -
INFO:werkzeug:127.0.0.1 - - [05/Feb/2020 18:11:23] "GET /auth/login HTTP/1.1" 200 -
DEBUG:root:seems ok
INFO:werkzeug:127.0.0.1 - - [05/Feb/2020 18:11:54] "POST /auth/login HTTP/1.1" 302 -
DEBUG:root:i am in blog.py
INFO:werkzeug:127.0.0.1 - - [05/Feb/2020 18:11:54] "GET / HTTP/1.1" 200 -
INFO:werkzeug: * Detected change in '/Users/johnmontaguehowitt/PycharmProjects/rotasort_project/rotasort/__init__.py', reloading
WARNING:werkzeug: * Debugger is active!
INFO:werkzeug: * Debugger PIN: 277-344-757
INFO:werkzeug: * Running on http://127.0.0.1:5000/ (Press CTRL+C to quit)
INFO:werkzeug: * Restarting with stat
WARNING:werkzeug: * Debugger is active!
INFO:werkzeug: * Debugger PIN: 277-344-757
DEBUG:root:i am in blog.py
INFO:werkzeug:127.0.0.1 - - [08/Feb/2020 14:51:12] "GET / HTTP/1.1" 200 -
INFO:werkzeug:127.0.0.1 - - [08/Feb/2020 14:51:12] "GET /static/style.css HTTP/1.1" 200 -
INFO:werkzeug:127.0.0.1 - - [08/Feb/2020 14:51:12] "GET /favicon.ico HTTP/1.1" 404 -
INFO:werkzeug:127.0.0.1 - - [08/Feb/2020 14:51:16] "GET /auth/login HTTP/1.1" 200 -
DEBUG:root:no user
INFO:werkzeug:127.0.0.1 - - [08/Feb/2020 14:51:31] "POST /auth/login HTTP/1.1" 200 -
DEBUG:root:seems ok
INFO:werkzeug:127.0.0.1 - - [08/Feb/2020 14:51:51] "POST /auth/login HTTP/1.1" 302 -
DEBUG:root:i am in blog.py
INFO:werkzeug:127.0.0.1 - - [08/Feb/2020 14:51:51] "GET / HTTP/1.1" 200 -
INFO:werkzeug:127.0.0.1 - - [08/Feb/2020 14:59:29] "GET /create HTTP/1.1" 200 -
INFO:werkzeug:127.0.0.1 - - [08/Feb/2020 14:59:50] "POST /create HTTP/1.1" 302 -
DEBUG:root:i am in blog.py
INFO:werkzeug:127.0.0.1 - - [08/Feb/2020 14:59:50] "GET / HTTP/1.1" 200 -
DEBUG:root:i am in blog.py
INFO:werkzeug:127.0.0.1 - - [08/Feb/2020 15:00:47] "GET / HTTP/1.1" 200 -
INFO:werkzeug:127.0.0.1 - - [08/Feb/2020 15:01:47] "GET /1/update HTTP/1.1" 200 -
INFO:werkzeug:127.0.0.1 - - [08/Feb/2020 15:01:55] "POST /1/update HTTP/1.1" 302 -
DEBUG:root:i am in blog.py
INFO:werkzeug:127.0.0.1 - - [08/Feb/2020 15:01:55] "GET / HTTP/1.1" 200 -
DEBUG:root:seems ok
DEBUG:root:i am in blog.py
DEBUG:root:no user
DEBUG:root:wrong password
DEBUG:root:seems ok
DEBUG:root:i am in blog.py
DEBUG:root:seems ok
DEBUG:root:i am in blog.py
DEBUG:root:seems ok
DEBUG:root:i am in blog.py
DEBUG:root:seems ok
DEBUG:root:seems ok
DEBUG:root:seems ok
DEBUG:root:seems ok
DEBUG:root:seems ok
DEBUG:root:seems ok
DEBUG:root:seems ok
DEBUG:root:seems ok
DEBUG:root:seems ok
DEBUG:root:i am in blog.py
DEBUG:root:no user
DEBUG:root:wrong password
DEBUG:root:seems ok
DEBUG:root:i am in blog.py
DEBUG:root:seems ok
DEBUG:root:i am in blog.py
DEBUG:root:seems ok
DEBUG:root:i am in blog.py
DEBUG:root:seems ok
DEBUG:root:seems ok
DEBUG:root:seems ok
DEBUG:root:seems ok
DEBUG:root:seems ok
DEBUG:root:seems ok
DEBUG:root:seems ok
DEBUG:root:seems ok
DEBUG:root:seems ok
DEBUG:root:i am in blog.py
DEBUG:root:no user
DEBUG:root:wrong password
DEBUG:root:seems ok
DEBUG:root:i am in blog.py
DEBUG:root:seems ok
DEBUG:root:i am in blog.py
DEBUG:root:seems ok
DEBUG:root:i am in blog.py
DEBUG:root:seems ok
DEBUG:root:seems ok
DEBUG:root:seems ok
DEBUG:root:seems ok
DEBUG:root:seems ok
DEBUG:root:seems ok
DEBUG:root:seems ok
DEBUG:root:seems ok
DEBUG:root:seems ok
DEBUG:root:i am in blog.py
DEBUG:root:no user
DEBUG:root:wrong password
DEBUG:root:seems ok
DEBUG:root:i am in blog.py
DEBUG:root:seems ok
DEBUG:root:i am in blog.py
DEBUG:root:seems ok
DEBUG:root:i am in blog.py
DEBUG:root:seems ok
DEBUG:root:seems ok
DEBUG:root:seems ok
DEBUG:root:seems ok
DEBUG:root:seems ok
DEBUG:root:seems ok
DEBUG:root:seems ok
DEBUG:root:seems ok
DEBUG:root:seems ok
DEBUG:root:i am in blog.py
DEBUG:root:no user
DEBUG:root:wrong password
DEBUG:root:seems ok
DEBUG:root:i am in blog.py
DEBUG:root:seems ok
DEBUG:root:i am in blog.py
DEBUG:root:seems ok
DEBUG:root:i am in blog.py
DEBUG:root:seems ok
DEBUG:root:seems ok
DEBUG:root:seems ok
DEBUG:root:seems ok
DEBUG:root:seems ok
DEBUG:root:seems ok
DEBUG:root:seems ok
DEBUG:root:seems ok
DEBUG:root:seems ok
DEBUG:root:i am in blog.py
DEBUG:root:no user
DEBUG:root:wrong password
DEBUG:root:seems ok
DEBUG:root:i am in blog.py
DEBUG:root:seems ok
DEBUG:root:i am in blog.py
DEBUG:root:seems ok
DEBUG:root:i am in blog.py
DEBUG:root:seems ok
DEBUG:root:seems ok
DEBUG:root:seems ok
DEBUG:root:seems ok
DEBUG:root:seems ok
DEBUG:root:seems ok
DEBUG:root:seems ok
DEBUG:root:seems ok
DEBUG:root:seems ok
DEBUG:root:i am in blog.py
DEBUG:root:no user
DEBUG:root:wrong password
DEBUG:root:seems ok
DEBUG:root:i am in blog.py
DEBUG:root:seems ok
DEBUG:root:i am in blog.py
DEBUG:root:seems ok
DEBUG:root:i am in blog.py
DEBUG:root:seems ok
DEBUG:root:seems ok
DEBUG:root:seems ok
DEBUG:root:seems ok
DEBUG:root:seems ok
DEBUG:root:seems ok
DEBUG:root:seems ok
DEBUG:root:seems ok
DEBUG:root:seems ok
DEBUG:root:i am in blog.py
DEBUG:root:no user
DEBUG:root:wrong password
DEBUG:root:seems ok
DEBUG:root:i am in blog.py
DEBUG:root:seems ok
DEBUG:root:i am in blog.py
DEBUG:root:seems ok
DEBUG:root:i am in blog.py
DEBUG:root:seems ok
DEBUG:root:seems ok
DEBUG:root:seems ok
DEBUG:root:seems ok
DEBUG:root:seems ok
DEBUG:root:seems ok
DEBUG:root:seems ok
DEBUG:root:seems ok
DEBUG:root:seems ok
DEBUG:root:i am in blog.py
DEBUG:root:no user
DEBUG:root:wrong password
DEBUG:root:seems ok
DEBUG:root:i am in blog.py
DEBUG:root:seems ok
DEBUG:root:i am in blog.py
DEBUG:root:seems ok
DEBUG:root:i am in blog.py
DEBUG:root:seems ok
DEBUG:root:seems ok
DEBUG:root:seems ok
DEBUG:root:seems ok
DEBUG:root:seems ok
DEBUG:root:seems ok
DEBUG:root:seems ok
DEBUG:root:seems ok
DEBUG:root:seems ok
DEBUG:root:i am in blog.py
DEBUG:root:no user
DEBUG:root:wrong password
DEBUG:root:seems ok
DEBUG:root:i am in blog.py
DEBUG:root:seems ok
DEBUG:root:i am in blog.py
DEBUG:root:seems ok
DEBUG:root:i am in blog.py
DEBUG:root:seems ok
DEBUG:root:seems ok
DEBUG:root:seems ok
DEBUG:root:seems ok
DEBUG:root:seems ok
DEBUG:root:seems ok
DEBUG:root:seems ok
DEBUG:root:seems ok
DEBUG:root:i am in blog.py
DEBUG:root:no user
DEBUG:root:wrong password
DEBUG:root:seems ok
DEBUG:root:i am in blog.py
DEBUG:root:seems ok
DEBUG:root:i am in blog.py
DEBUG:root:seems ok
DEBUG:root:i am in blog.py
DEBUG:root:seems ok
DEBUG:root:seems ok
DEBUG:root:seems ok
DEBUG:root:seems ok
DEBUG:root:seems ok
DEBUG:root:seems ok
DEBUG:root:seems ok
